  Main.cpp
C:\Program Files (x86)\Windows Kits\10\Include\10.0.19041.0\shared\minwindef.h(130,1): warning C4005: 'APIENTRY': macro redefinition
C:\Users\Ataraxia\source\repos\pqProject\pqProject\3rdParty\GLFW\glfw3.h(123): message : see previous definition of 'APIENTRY'
C:\Users\Ataraxia\source\repos\pqProject\pqProject\plyData.h(36,24): warning C4244: '=': conversion from 'double' to 'float', possible loss of data
C:\Users\Ataraxia\source\repos\pqProject\pqProject\plyData.h(40,22): warning C4244: '=': conversion from 'double' to 'float', possible loss of data
C:\Users\Ataraxia\source\repos\pqProject\pqProject\plyData.h(48,15): warning C4244: '=': conversion from 'double' to 'float', possible loss of data
C:\Users\Ataraxia\source\repos\pqProject\pqProject\plyData.h(50,15): warning C4244: '=': conversion from 'double' to 'float', possible loss of data
C:\Users\Ataraxia\source\repos\pqProject\pqProject\plyData.h(52,15): warning C4244: '=': conversion from 'double' to 'float', possible loss of data
C:\Users\Ataraxia\source\repos\pqProject\pqProject\plyData.h(54,16): warning C4244: '=': conversion from 'double' to 'float', possible loss of data
C:\Users\Ataraxia\source\repos\pqProject\pqProject\plyData.h(56,16): warning C4244: '=': conversion from 'double' to 'float', possible loss of data
C:\Users\Ataraxia\source\repos\pqProject\pqProject\plyData.h(58,16): warning C4244: '=': conversion from 'double' to 'float', possible loss of data
C:\Users\Ataraxia\source\repos\pqProject\pqProject\plyData.h(60,16): warning C4244: '=': conversion from 'double' to 'float', possible loss of data
C:\Users\Ataraxia\source\repos\pqProject\pqProject\plyData.h(62,16): warning C4244: '=': conversion from 'double' to 'float', possible loss of data
C:\Users\Ataraxia\source\repos\pqProject\pqProject\plyData.h(104,24): warning C4244: '=': conversion from 'double' to 'float', possible loss of data
C:\Users\Ataraxia\source\repos\pqProject\pqProject\plyData.h(108,22): warning C4244: '=': conversion from 'double' to 'float', possible loss of data
C:\Users\Ataraxia\source\repos\pqProject\pqProject\plyData.h(116,15): warning C4244: '=': conversion from 'double' to 'float', possible loss of data
C:\Users\Ataraxia\source\repos\pqProject\pqProject\plyData.h(118,15): warning C4244: '=': conversion from 'double' to 'float', possible loss of data
C:\Users\Ataraxia\source\repos\pqProject\pqProject\plyData.h(120,15): warning C4244: '=': conversion from 'double' to 'float', possible loss of data
C:\Users\Ataraxia\source\repos\pqProject\pqProject\plyData.h(122,18): warning C4244: '=': conversion from 'double' to 'float', possible loss of data
C:\Users\Ataraxia\source\repos\pqProject\pqProject\plyData.h(124,19): warning C4244: '=': conversion from 'double' to 'float', possible loss of data
C:\Users\Ataraxia\source\repos\pqProject\pqProject\Camera.h(36,25): warning C4244: '=': conversion from 'int' to 'T', possible loss of data
          with
          [
              T=float
          ]
C:\Users\Ataraxia\source\repos\pqProject\pqProject\Camera.h(37,25): warning C4244: '=': conversion from 'int' to 'T', possible loss of data
          with
          [
              T=float
          ]
C:\Users\Ataraxia\source\repos\pqProject\pqProject\Renderer.h(70,1): warning C4267: 'argument': conversion from 'size_t' to 'GLsizei', possible loss of data
C:\Users\Ataraxia\source\repos\pqProject\pqProject\Renderer.h(90,1): warning C4267: 'argument': conversion from 'size_t' to 'GLsizei', possible loss of data
C:\Users\Ataraxia\source\repos\pqProject\pqProject\Renderer.h(108,1): warning C4267: 'argument': conversion from 'size_t' to 'GLsizei', possible loss of data
C:\Users\Ataraxia\source\repos\pqProject\pqProject\BoxRenderer.h(85,1): warning C4267: 'argument': conversion from 'size_t' to 'GLsizei', possible loss of data
C:\Users\Ataraxia\source\repos\pqProject\pqProject\RangeDataReader.h(112,24): warning C4244: '=': conversion from 'double' to 'float', possible loss of data
C:\Users\Ataraxia\source\repos\pqProject\pqProject\RangeDataReader.h(120,15): warning C4244: '=': conversion from 'double' to 'float', possible loss of data
C:\Users\Ataraxia\source\repos\pqProject\pqProject\RangeDataReader.h(122,15): warning C4244: '=': conversion from 'double' to 'float', possible loss of data
C:\Users\Ataraxia\source\repos\pqProject\pqProject\RangeDataReader.h(124,15): warning C4244: '=': conversion from 'double' to 'float', possible loss of data
C:\Users\Ataraxia\source\repos\pqProject\pqProject\ColorUtil.h(22,25): warning C4244: '=': conversion from 'double' to 'T', possible loss of data
          with
          [
              T=float
          ]
C:\Users\Ataraxia\source\repos\pqProject\pqProject\ColorUtil.h(25,49): warning C4244: '=': conversion from 'double' to 'T', possible loss of data
          with
          [
              T=float
          ]
C:\Users\Ataraxia\source\repos\pqProject\pqProject\ColorUtil.h(29,25): warning C4244: '=': conversion from 'double' to 'T', possible loss of data
          with
          [
              T=float
          ]
C:\Users\Ataraxia\source\repos\pqProject\pqProject\RangeDataRenderer.h(49,61): warning C4244: 'argument': conversion from 'unsigned __int64' to 'float', possible loss of data
C:\Users\Ataraxia\source\repos\pqProject\pqProject\RangeDataRenderer.h(49,41): warning C4244: 'argument': conversion from 'int' to 'float', possible loss of data
C:\Users\Ataraxia\source\repos\pqProject\pqProject\RangeDataRenderer.h(58,1): warning C4267: 'argument': conversion from 'size_t' to 'GLsizei', possible loss of data
C:\Users\Ataraxia\source\repos\pqProject\pqProject\RangeDataRenderer.h(70,62): warning C4244: 'argument': conversion from 'unsigned __int64' to 'float', possible loss of data
C:\Users\Ataraxia\source\repos\pqProject\pqProject\RangeDataRenderer.h(70,40): warning C4244: 'argument': conversion from 'int' to 'float', possible loss of data
C:\Users\Ataraxia\source\repos\pqProject\pqProject\RangeDataRenderer.h(79,1): warning C4267: 'argument': conversion from 'size_t' to 'GLsizei', possible loss of data
C:\Users\Ataraxia\source\repos\pqProject\pqProject\Scene.h(31,77): warning C4244: 'initializing': conversion from 'T' to 'size_t', possible loss of data
          with
          [
              T=float
          ]
C:\Users\Ataraxia\source\repos\pqProject\pqProject\Scene.h(32,57): warning C4244: 'initializing': conversion from 'T' to 'size_t', possible loss of data
          with
          [
              T=float
          ]
C:\Users\Ataraxia\source\repos\pqProject\pqProject\Scene.h(34,78): warning C4244: 'argument': conversion from 'T' to 'int', possible loss of data
          with
          [
              T=float
          ]
C:\Users\Ataraxia\source\repos\pqProject\pqProject\Scene.h(34,58): warning C4244: 'argument': conversion from 'T' to 'int', possible loss of data
          with
          [
              T=float
          ]
C:\Users\Ataraxia\source\repos\pqProject\pqProject\Scene.h(80,72): warning C4244: 'argument': conversion from 'T' to 'GLsizei', possible loss of data
          with
          [
              T=float
          ]
C:\Users\Ataraxia\source\repos\pqProject\pqProject\Scene.h(80,52): warning C4244: 'argument': conversion from 'T' to 'GLsizei', possible loss of data
          with
          [
              T=float
          ]
C:\Users\Ataraxia\source\repos\pqProject\pqProject\Scene.h(81,72): warning C4244: 'argument': conversion from 'T' to 'GLsizei', possible loss of data
          with
          [
              T=float
          ]
C:\Users\Ataraxia\source\repos\pqProject\pqProject\Scene.h(81,52): warning C4244: 'argument': conversion from 'T' to 'GLsizei', possible loss of data
          with
          [
              T=float
          ]
C:\Users\Ataraxia\source\repos\pqProject\pqProject\Scene.h(87,93): warning C4244: 'argument': conversion from 'T' to 'GLsizei', possible loss of data
          with
          [
              T=float
          ]
C:\Users\Ataraxia\source\repos\pqProject\pqProject\Scene.h(87,73): warning C4244: 'argument': conversion from 'T' to 'GLsizei', possible loss of data
          with
          [
              T=float
          ]
C:\Users\Ataraxia\source\repos\pqProject\pqProject\Scene.h(94,113): warning C4244: 'argument': conversion from 'T' to 'GLsizei', possible loss of data
          with
          [
              T=float
          ]
C:\Users\Ataraxia\source\repos\pqProject\pqProject\Scene.h(94,93): warning C4244: 'argument': conversion from 'T' to 'GLsizei', possible loss of data
          with
          [
              T=float
          ]
C:\Users\Ataraxia\source\repos\pqProject\pqProject\Scene.h(110,62): warning C4244: 'argument': conversion from 'T' to 'int', possible loss of data
          with
          [
              T=float
          ]
C:\Users\Ataraxia\source\repos\pqProject\pqProject\Scene.h(110,42): warning C4244: 'argument': conversion from 'T' to 'int', possible loss of data
          with
          [
              T=float
          ]
C:\Users\Ataraxia\source\repos\pqProject\pqProject\Scene.h(117,62): warning C4244: 'argument': conversion from 'T' to 'int', possible loss of data
          with
          [
              T=float
          ]
C:\Users\Ataraxia\source\repos\pqProject\pqProject\Scene.h(117,42): warning C4244: 'argument': conversion from 'T' to 'int', possible loss of data
          with
          [
              T=float
          ]
C:\Users\Ataraxia\source\repos\pqProject\pqProject\QBVH4.h(7,40): warning C4091: 'typedef ': ignored on left of 'AISTER_GRAPHICS_ENGINE::__Tri_t' when no variable is declared
C:\Users\Ataraxia\source\repos\pqProject\pqProject\QBVH4.h(12,3): warning C4091: 'typedef ': ignored on left of 'AISTER_GRAPHICS_ENGINE::Box3ui8' when no variable is declared
C:\Users\Ataraxia\source\repos\pqProject\pqProject\Ray.h(70,1): warning C4305: 'initializing': truncation from 'double' to 'float'
C:\Users\Ataraxia\source\repos\pqProject\pqProject\MVSScene.h(12,36): warning C4091: 'typedef ': ignored on left of 'Tet_t' when no variable is declared
C:\Users\Ataraxia\source\repos\pqProject\pqProject\MVSScene.h(24,2): warning C4091: 'typedef ': ignored on left of 'Triangle_t' when no variable is declared
C:\Users\Ataraxia\source\repos\pqProject\pqProject\MVSScene.h(27,2): warning C4091: 'typedef ': ignored on left of 'TetraInfo' when no variable is declared
C:\Users\Ataraxia\source\repos\pqProject\pqProject\MVSScene.h(33,2): warning C4091: 'typedef ': ignored on left of 'Triangle_SOA' when no variable is declared
C:\Users\Ataraxia\source\repos\pqProject\pqProject\MVSScene.h(51,49): warning C4244: 'initializing': conversion from 'float' to 'int', possible loss of data
C:\Users\Ataraxia\source\repos\pqProject\pqProject\MVSScene.h(54,35): warning C4244: 'argument': conversion from 'int' to 'float', possible loss of data
C:\Users\Ataraxia\source\repos\pqProject\pqProject\MVSScene.h(54,21): warning C4244: 'argument': conversion from 'int' to 'float', possible loss of data
C:\Users\Ataraxia\source\repos\pqProject\pqProject\MVSScene.h(153,15): warning C4244: '=': conversion from 'float' to 'int', possible loss of data
C:\Users\Ataraxia\source\repos\pqProject\pqProject\MVSScene.h(154,15): warning C4244: '=': conversion from 'float' to 'int', possible loss of data
C:\Users\Ataraxia\source\repos\pqProject\pqProject\MVSScene.h(155,15): warning C4244: '=': conversion from 'float' to 'int', possible loss of data
C:\Users\Ataraxia\source\repos\pqProject\pqProject\MVSScene.h(156,15): warning C4244: '=': conversion from 'float' to 'int', possible loss of data
C:\Users\Ataraxia\source\repos\pqProject\pqProject\MVSScene.h(205,14): warning C4244: '=': conversion from 'int' to 'float', possible loss of data
C:\Users\Ataraxia\source\repos\pqProject\pqProject\MVSScene.h(207,14): warning C4244: '=': conversion from 'int' to 'float', possible loss of data
C:\Users\Ataraxia\source\repos\pqProject\pqProject\MVSScene.h(209,14): warning C4244: '=': conversion from 'int' to 'float', possible loss of data
C:\Users\Ataraxia\source\repos\pqProject\pqProject\MVSScene.h(212,15): warning C4244: '=': conversion from 'float' to 'int', possible loss of data
C:\Users\Ataraxia\source\repos\pqProject\pqProject\MVSScene.h(213,15): warning C4244: '=': conversion from 'float' to 'int', possible loss of data
C:\Users\Ataraxia\source\repos\pqProject\pqProject\MVSScene.h(214,15): warning C4244: '=': conversion from 'float' to 'int', possible loss of data
C:\Users\Ataraxia\source\repos\pqProject\pqProject\MVSScene.h(228,14): warning C4244: '=': conversion from 'int' to 'float', possible loss of data
C:\Users\Ataraxia\source\repos\pqProject\pqProject\MVSScene.h(230,14): warning C4244: '=': conversion from 'int' to 'float', possible loss of data
C:\Users\Ataraxia\source\repos\pqProject\pqProject\MVSScene.h(233,15): warning C4244: '=': conversion from 'float' to 'int', possible loss of data
C:\Users\Ataraxia\source\repos\pqProject\pqProject\MVSScene.h(234,15): warning C4244: '=': conversion from 'float' to 'int', possible loss of data
C:\Users\Ataraxia\source\repos\pqProject\pqProject\MVSScene.h(258,23): warning C4018: '<': signed/unsigned mismatch
C:\Users\Ataraxia\source\repos\pqProject\pqProject\MVSScene.h(380,1): warning C4267: 'argument': conversion from 'size_t' to 'GLsizei', possible loss of data
C:\Users\Ataraxia\source\repos\pqProject\pqProject\MVSScene.h(395,1): warning C4267: 'argument': conversion from 'size_t' to 'GLsizei', possible loss of data
C:\Users\Ataraxia\source\repos\pqProject\pqProject\MVSScene.h(416,1): warning C4267: 'argument': conversion from 'size_t' to 'GLsizei', possible loss of data
C:\Users\Ataraxia\source\repos\pqProject\pqProject\Main.cpp(68,17): warning C4244: '=': conversion from 'double' to 'T', possible loss of data
          with
          [
              T=float
          ]
C:\Users\Ataraxia\source\repos\pqProject\pqProject\Main.cpp(71,41): warning C4244: '=': conversion from 'double' to 'T', possible loss of data
          with
          [
              T=float
          ]
C:\Users\Ataraxia\source\repos\pqProject\pqProject\Main.cpp(75,17): warning C4244: '=': conversion from 'double' to 'T', possible loss of data
          with
          [
              T=float
          ]
C:\Users\Ataraxia\source\repos\pqProject\pqProject\Main.cpp(202,53): warning C4244: 'argument': conversion from 'int' to 'float', possible loss of data
C:\Users\Ataraxia\source\repos\pqProject\pqProject\Main.cpp(247,143): warning C4267: 'argument': conversion from 'size_t' to 'int', possible loss of data
C:\Users\Ataraxia\source\repos\pqProject\pqProject\Main.cpp(312,119): warning C4305: 'argument': truncation from 'double' to 'float'
  Generating code
  1 of 1490 functions (<0.1%) were compiled, the rest were copied from previous compilation.
    0 functions were new in current compilation
    0 functions had inline decision re-evaluated but remain unchanged
  Finished generating code
  pqProject.vcxproj -> C:\Users\Ataraxia\source\repos\pqProject\x64\Release\pqProject.exe
